0 info it worked if it ends with ok
1 verbose cli [ '/usr/bin/node', '/usr/bin/npm', 'install', '-g', 'commitizen' ]
2 info using npm@6.13.4
3 info using node@v10.19.0
4 verbose npm-session 2f22adb8104ac825
5 silly install loadCurrentTree
6 silly install readGlobalPackageData
7 http fetch GET 200 https://registry.npmjs.org/commitizen 262ms
8 http fetch GET 200 https://registry.npmjs.org/commitizen/-/commitizen-4.2.2.tgz 117ms
9 silly pacote tag manifest for commitizen@latest fetched in 405ms
10 timing stage:loadCurrentTree Completed in 432ms
11 silly install loadIdealTree
12 silly install cloneCurrentTreeToIdealTree
13 timing stage:loadIdealTree:cloneCurrentTree Completed in 0ms
14 silly install loadShrinkwrap
15 timing stage:loadIdealTree:loadShrinkwrap Completed in 2ms
16 silly install loadAllDepsIntoIdealTree
17 silly resolveWithNewModule commitizen@4.2.2 checking installable status
18 http fetch GET 200 https://registry.npmjs.org/cachedir 71ms
19 http fetch GET 200 https://registry.npmjs.org/cachedir/-/cachedir-2.2.0.tgz 41ms
20 silly pacote version manifest for cachedir@2.2.0 fetched in 127ms
21 silly resolveWithNewModule cachedir@2.2.0 checking installable status
22 http fetch GET 200 https://registry.npmjs.org/dedent 155ms
23 http fetch GET 200 https://registry.npmjs.org/cz-conventional-changelog 169ms
24 http fetch GET 200 https://registry.npmjs.org/detect-indent 173ms
25 http fetch GET 200 https://registry.npmjs.org/find-root 171ms
26 http fetch GET 200 https://registry.npmjs.org/find-node-modules 172ms
27 http fetch GET 200 https://registry.npmjs.org/fs-extra 171ms
28 http fetch GET 200 https://registry.npmjs.org/lodash 72ms
29 http fetch GET 200 https://registry.npmjs.org/glob 183ms
30 http fetch GET 200 https://registry.npmjs.org/is-utf8 187ms
31 http fetch GET 200 https://registry.npmjs.org/inquirer 190ms
32 http fetch GET 200 https://registry.npmjs.org/cz-conventional-changelog/-/cz-conventional-changelog-3.3.0.tgz 164ms
33 http fetch GET 200 https://registry.npmjs.org/find-node-modules/-/find-node-modules-2.0.0.tgz 154ms
34 http fetch GET 200 https://registry.npmjs.org/find-root/-/find-root-1.1.0.tgz 156ms
35 http fetch GET 200 https://registry.npmjs.org/dedent/-/dedent-0.7.0.tgz 176ms
36 http fetch GET 200 https://registry.npmjs.org/fs-extra/-/fs-extra-8.1.0.tgz 157ms
37 http fetch GET 200 https://registry.npmjs.org/inquirer/-/inquirer-6.5.2.tgz 141ms
38 http fetch GET 200 https://registry.npmjs.org/detect-indent/-/detect-indent-6.0.0.tgz 162ms
39 http fetch GET 200 https://registry.npmjs.org/is-utf8/-/is-utf8-0.2.1.tgz 148ms
40 http fetch GET 200 https://registry.npmjs.org/glob/-/glob-7.1.4.tgz 151ms
41 http fetch GET 200 https://registry.npmjs.org/lodash/-/lodash-4.17.20.tgz 160ms
42 silly pacote version manifest for cz-conventional-changelog@3.3.0 fetched in 354ms
43 silly resolveWithNewModule cz-conventional-changelog@3.3.0 checking installable status
44 silly pacote version manifest for find-node-modules@2.0.0 fetched in 350ms
45 silly resolveWithNewModule find-node-modules@2.0.0 checking installable status
46 silly pacote version manifest for dedent@0.7.0 fetched in 358ms
47 silly resolveWithNewModule dedent@0.7.0 checking installable status
48 silly pacote version manifest for find-root@1.1.0 fetched in 352ms
49 silly resolveWithNewModule find-root@1.1.0 checking installable status
50 silly pacote version manifest for fs-extra@8.1.0 fetched in 353ms
51 silly resolveWithNewModule fs-extra@8.1.0 checking installable status
52 silly pacote version manifest for inquirer@6.5.2 fetched in 352ms
53 silly resolveWithNewModule inquirer@6.5.2 checking installable status
54 silly pacote range manifest for is-utf8@^0.2.1 fetched in 353ms
55 silly resolveWithNewModule is-utf8@0.2.1 checking installable status
56 silly pacote version manifest for detect-indent@6.0.0 fetched in 361ms
57 silly resolveWithNewModule detect-indent@6.0.0 checking installable status
58 silly pacote version manifest for glob@7.1.4 fetched in 355ms
59 silly resolveWithNewModule glob@7.1.4 checking installable status
60 silly pacote range manifest for lodash@^4.17.20 fetched in 248ms
61 silly resolveWithNewModule lodash@4.17.20 checking installable status
62 http fetch GET 200 https://registry.npmjs.org/minimist 53ms
63 http fetch GET 200 https://registry.npmjs.org/strip-bom 56ms
64 http fetch GET 200 https://registry.npmjs.org/strip-json-comments 56ms
65 http fetch GET 200 https://registry.npmjs.org/minimist/-/minimist-1.2.5.tgz 59ms
66 http fetch GET 200 https://registry.npmjs.org/strip-bom/-/strip-bom-4.0.0.tgz 58ms
67 http fetch GET 200 https://registry.npmjs.org/strip-json-comments/-/strip-json-comments-3.0.1.tgz 57ms
68 silly pacote version manifest for minimist@1.2.5 fetched in 119ms
69 silly resolveWithNewModule minimist@1.2.5 checking installable status
70 silly pacote version manifest for strip-json-comments@3.0.1 fetched in 119ms
71 silly resolveWithNewModule strip-json-comments@3.0.1 checking installable status
72 silly pacote version manifest for strip-bom@4.0.0 fetched in 122ms
73 silly resolveWithNewModule strip-bom@4.0.0 checking installable status
74 http fetch GET 200 https://registry.npmjs.org/chalk 45ms
75 http fetch GET 200 https://registry.npmjs.org/conventional-commit-types 54ms
76 http fetch GET 200 https://registry.npmjs.org/longest 56ms
77 http fetch GET 200 https://registry.npmjs.org/word-wrap 56ms
78 http fetch GET 200 https://registry.npmjs.org/lodash.map 70ms
79 http fetch GET 200 https://registry.npmjs.org/word-wrap/-/word-wrap-1.2.3.tgz 50ms
80 http fetch GET 200 https://registry.npmjs.org/longest/-/longest-2.0.1.tgz 52ms
81 http fetch GET 200 https://registry.npmjs.org/chalk/-/chalk-2.4.2.tgz 68ms
82 http fetch GET 200 https://registry.npmjs.org/conventional-commit-types/-/conventional-commit-types-3.0.0.tgz 63ms
83 silly pacote range manifest for word-wrap@^1.0.3 fetched in 126ms
84 silly resolveWithNewModule word-wrap@1.2.3 checking installable status
85 silly pacote range manifest for longest@^2.0.1 fetched in 129ms
86 silly resolveWithNewModule longest@2.0.1 checking installable status
87 http fetch GET 200 https://registry.npmjs.org/lodash.map/-/lodash.map-4.6.0.tgz 59ms
88 silly pacote range manifest for chalk@^2.4.1 fetched in 132ms
89 silly resolveWithNewModule chalk@2.4.2 checking installable status
90 silly pacote range manifest for conventional-commit-types@^3.0.0 fetched in 133ms
91 silly resolveWithNewModule conventional-commit-types@3.0.0 checking installable status
92 silly pacote range manifest for lodash.map@^4.5.1 fetched in 133ms
93 silly resolveWithNewModule lodash.map@4.6.0 checking installable status
94 http fetch GET 200 https://registry.npmjs.org/@commitlint%2fload 241ms
95 http fetch GET 200 https://registry.npmjs.org/@commitlint/load/-/load-11.0.0.tgz 163ms
96 silly pacote range manifest for @commitlint/load@>6.1.1 fetched in 409ms
97 silly resolveWithNewModule @commitlint/load@11.0.0 checking installable status
98 http fetch GET 200 https://registry.npmjs.org/resolve-from 47ms
99 http fetch GET 200 https://registry.npmjs.org/cosmiconfig 51ms
100 http fetch GET 200 https://registry.npmjs.org/chalk/-/chalk-4.1.0.tgz 54ms
101 silly pacote version manifest for chalk@4.1.0 fetched in 61ms
102 silly resolveWithNewModule chalk@4.1.0 checking installable status
103 http fetch GET 200 https://registry.npmjs.org/resolve-from/-/resolve-from-5.0.0.tgz 47ms
104 http fetch GET 200 https://registry.npmjs.org/cosmiconfig/-/cosmiconfig-7.0.0.tgz 45ms
105 silly pacote range manifest for resolve-from@^5.0.0 fetched in 99ms
106 silly resolveWithNewModule resolve-from@5.0.0 checking installable status
107 silly pacote range manifest for cosmiconfig@^7.0.0 fetched in 102ms
108 silly resolveWithNewModule cosmiconfig@7.0.0 checking installable status
109 http fetch GET 200 https://registry.npmjs.org/@commitlint%2fexecute-rule 267ms
110 http fetch GET 200 https://registry.npmjs.org/@commitlint%2ftypes 283ms
111 http fetch GET 200 https://registry.npmjs.org/@commitlint%2fresolve-extends 301ms
112 http fetch GET 200 https://registry.npmjs.org/@commitlint/execute-rule/-/execute-rule-11.0.0.tgz 67ms
113 silly pacote range manifest for @commitlint/execute-rule@^11.0.0 fetched in 339ms
114 silly resolveWithNewModule @commitlint/execute-rule@11.0.0 checking installable status
115 http fetch GET 200 https://registry.npmjs.org/@commitlint/types/-/types-11.0.0.tgz 67ms
116 silly pacote range manifest for @commitlint/types@^11.0.0 fetched in 353ms
117 silly resolveWithNewModule @commitlint/types@11.0.0 checking installable status
118 http fetch GET 200 https://registry.npmjs.org/@commitlint/resolve-extends/-/resolve-extends-11.0.0.tgz 75ms
119 silly pacote range manifest for @commitlint/resolve-extends@^11.0.0 fetched in 381ms
120 silly resolveWithNewModule @commitlint/resolve-extends@11.0.0 checking installable status
121 http fetch GET 200 https://registry.npmjs.org/import-fresh 45ms
122 http fetch GET 200 https://registry.npmjs.org/resolve-global 50ms
123 http fetch GET 200 https://registry.npmjs.org/import-fresh/-/import-fresh-3.3.0.tgz 36ms
124 silly pacote range manifest for import-fresh@^3.0.0 fetched in 86ms
125 silly resolveWithNewModule import-fresh@3.3.0 checking installable status
126 http fetch GET 200 https://registry.npmjs.org/resolve-global/-/resolve-global-1.0.0.tgz 39ms
127 silly pacote range manifest for resolve-global@^1.0.0 fetched in 92ms
128 silly resolveWithNewModule resolve-global@1.0.0 checking installable status
129 http fetch GET 200 https://registry.npmjs.org/parent-module 38ms
130 http fetch GET 200 https://registry.npmjs.org/resolve-from/-/resolve-from-4.0.0.tgz 44ms
131 silly pacote range manifest for resolve-from@^4.0.0 fetched in 49ms
132 silly resolveWithNewModule resolve-from@4.0.0 checking installable status
133 http fetch GET 200 https://registry.npmjs.org/parent-module/-/parent-module-1.0.1.tgz 33ms
134 silly pacote range manifest for parent-module@^1.0.0 fetched in 83ms
135 silly resolveWithNewModule parent-module@1.0.1 checking installable status
136 http fetch GET 200 https://registry.npmjs.org/callsites 32ms
137 http fetch GET 200 https://registry.npmjs.org/callsites/-/callsites-3.1.0.tgz 31ms
138 silly pacote range manifest for callsites@^3.0.0 fetched in 68ms
139 silly resolveWithNewModule callsites@3.1.0 checking installable status
140 http fetch GET 200 https://registry.npmjs.org/global-dirs 35ms
141 http fetch GET 200 https://registry.npmjs.org/global-dirs/-/global-dirs-0.1.1.tgz 55ms
142 silly pacote range manifest for global-dirs@^0.1.1 fetched in 95ms
143 silly resolveWithNewModule global-dirs@0.1.1 checking installable status
144 http fetch GET 200 https://registry.npmjs.org/ini 36ms
145 http fetch GET 200 https://registry.npmjs.org/ini/-/ini-1.3.8.tgz 35ms
146 silly pacote range manifest for ini@^1.3.4 fetched in 75ms
147 silly resolveWithNewModule ini@1.3.8 checking installable status
148 http fetch GET 200 https://registry.npmjs.org/supports-color 38ms
149 http fetch GET 200 https://registry.npmjs.org/ansi-styles 40ms
150 http fetch GET 200 https://registry.npmjs.org/ansi-styles/-/ansi-styles-4.3.0.tgz 34ms
151 http fetch GET 200 https://registry.npmjs.org/supports-color/-/supports-color-7.2.0.tgz 37ms
152 silly pacote range manifest for ansi-styles@^4.1.0 fetched in 82ms
153 silly resolveWithNewModule ansi-styles@4.3.0 checking installable status
154 silly pacote range manifest for supports-color@^7.1.0 fetched in 82ms
155 silly resolveWithNewModule supports-color@7.2.0 checking installable status
156 http fetch GET 200 https://registry.npmjs.org/color-convert 40ms
157 http fetch GET 200 https://registry.npmjs.org/color-convert/-/color-convert-2.0.1.tgz 35ms
158 silly pacote range manifest for color-convert@^2.0.1 fetched in 79ms
159 silly resolveWithNewModule color-convert@2.0.1 checking installable status
160 http fetch GET 200 https://registry.npmjs.org/color-name 51ms
161 http fetch GET 200 https://registry.npmjs.org/color-name/-/color-name-1.1.4.tgz 34ms
162 silly pacote range manifest for color-name@~1.1.4 fetched in 88ms
163 silly resolveWithNewModule color-name@1.1.4 checking installable status
164 http fetch GET 200 https://registry.npmjs.org/has-flag 43ms
165 http fetch GET 200 https://registry.npmjs.org/has-flag/-/has-flag-4.0.0.tgz 38ms
166 silly pacote range manifest for has-flag@^4.0.0 fetched in 85ms
167 silly resolveWithNewModule has-flag@4.0.0 checking installable status
168 http fetch GET 200 https://registry.npmjs.org/parse-json 43ms
169 http fetch GET 200 https://registry.npmjs.org/path-type 44ms
170 http fetch GET 200 https://registry.npmjs.org/yaml 53ms
171 http fetch GET 200 https://registry.npmjs.org/@types%2fparse-json 57ms
172 http fetch GET 200 https://registry.npmjs.org/parse-json/-/parse-json-5.1.0.tgz 52ms
173 silly pacote range manifest for parse-json@^5.0.0 fetched in 115ms
174 silly resolveWithNewModule parse-json@5.1.0 checking installable status
175 http fetch GET 200 https://registry.npmjs.org/@types/parse-json/-/parse-json-4.0.0.tgz 58ms
176 http fetch GET 200 https://registry.npmjs.org/path-type/-/path-type-4.0.0.tgz 68ms
177 http fetch GET 200 https://registry.npmjs.org/yaml/-/yaml-1.10.0.tgz 69ms
178 silly pacote range manifest for @types/parse-json@^4.0.0 fetched in 129ms
179 silly resolveWithNewModule @types/parse-json@4.0.0 checking installable status
180 silly pacote range manifest for path-type@^4.0.0 fetched in 128ms
181 silly resolveWithNewModule path-type@4.0.0 checking installable status
182 silly pacote range manifest for yaml@^1.10.0 fetched in 129ms
183 silly resolveWithNewModule yaml@1.10.0 checking installable status
184 http fetch GET 200 https://registry.npmjs.org/error-ex 38ms
185 http fetch GET 200 https://registry.npmjs.org/json-parse-even-better-errors 47ms
186 http fetch GET 200 https://registry.npmjs.org/lines-and-columns 50ms
187 http fetch GET 200 https://registry.npmjs.org/@babel%2fcode-frame 60ms
188 http fetch GET 200 https://registry.npmjs.org/error-ex/-/error-ex-1.3.2.tgz 32ms
189 silly pacote range manifest for error-ex@^1.3.1 fetched in 73ms
190 silly resolveWithNewModule error-ex@1.3.2 checking installable status
191 http fetch GET 200 https://registry.npmjs.org/lines-and-columns/-/lines-and-columns-1.1.6.tgz 71ms
192 http fetch GET 200 https://registry.npmjs.org/@babel/code-frame/-/code-frame-7.12.11.tgz 66ms
193 http fetch GET 200 https://registry.npmjs.org/json-parse-even-better-errors/-/json-parse-even-better-errors-2.3.1.tgz 81ms
194 silly pacote range manifest for json-parse-even-better-errors@^2.3.0 fetched in 135ms
195 silly resolveWithNewModule json-parse-even-better-errors@2.3.1 checking installable status
196 silly pacote range manifest for lines-and-columns@^1.1.6 fetched in 139ms
197 silly resolveWithNewModule lines-and-columns@1.1.6 checking installable status
198 silly pacote range manifest for @babel/code-frame@^7.0.0 fetched in 141ms
199 silly resolveWithNewModule @babel/code-frame@7.12.11 checking installable status
200 http fetch GET 200 https://registry.npmjs.org/@babel%2fhighlight 71ms
201 http fetch GET 200 https://registry.npmjs.org/@babel/highlight/-/highlight-7.10.4.tgz 53ms
202 silly pacote range manifest for @babel/highlight@^7.10.4 fetched in 128ms
203 silly resolveWithNewModule @babel/highlight@7.10.4 checking installable status
204 http fetch GET 200 https://registry.npmjs.org/js-tokens 43ms
205 http fetch GET 200 https://registry.npmjs.org/@babel%2fhelper-validator-identifier 58ms
206 http fetch GET 200 https://registry.npmjs.org/js-tokens/-/js-tokens-4.0.0.tgz 56ms
207 silly pacote range manifest for js-tokens@^4.0.0 fetched in 105ms
208 silly resolveWithNewModule js-tokens@4.0.0 checking installable status
209 http fetch GET 200 https://registry.npmjs.org/@babel/helper-validator-identifier/-/helper-validator-identifier-7.12.11.tgz 53ms
210 silly pacote range manifest for @babel/helper-validator-identifier@^7.10.4 fetched in 126ms
211 silly resolveWithNewModule @babel/helper-validator-identifier@7.12.11 checking installable status
212 http fetch GET 200 https://registry.npmjs.org/escape-string-regexp 43ms
213 http fetch GET 200 https://registry.npmjs.org/ansi-styles/-/ansi-styles-3.2.1.tgz 50ms
214 silly pacote range manifest for ansi-styles@^3.2.1 fetched in 64ms
215 silly resolveWithNewModule ansi-styles@3.2.1 checking installable status
216 http fetch GET 200 https://registry.npmjs.org/supports-color/-/supports-color-5.5.0.tgz 63ms
217 silly pacote range manifest for supports-color@^5.3.0 fetched in 67ms
218 silly resolveWithNewModule supports-color@5.5.0 checking installable status
219 http fetch GET 200 https://registry.npmjs.org/escape-string-regexp/-/escape-string-regexp-1.0.5.tgz 36ms
220 silly pacote range manifest for escape-string-regexp@^1.0.5 fetched in 86ms
221 silly resolveWithNewModule escape-string-regexp@1.0.5 checking installable status
222 http fetch GET 200 https://registry.npmjs.org/color-convert/-/color-convert-1.9.3.tgz 43ms
223 silly pacote range manifest for color-convert@^1.9.0 fetched in 55ms
224 silly resolveWithNewModule color-convert@1.9.3 checking installable status
225 http fetch GET 200 https://registry.npmjs.org/color-name/-/color-name-1.1.3.tgz 36ms
226 silly pacote version manifest for color-name@1.1.3 fetched in 40ms
227 silly resolveWithNewModule color-name@1.1.3 checking installable status
228 http fetch GET 200 https://registry.npmjs.org/has-flag/-/has-flag-3.0.0.tgz 32ms
229 silly pacote range manifest for has-flag@^3.0.0 fetched in 35ms
230 silly resolveWithNewModule has-flag@3.0.0 checking installable status
231 http fetch GET 200 https://registry.npmjs.org/is-arrayish 45ms
232 http fetch GET 200 https://registry.npmjs.org/is-arrayish/-/is-arrayish-0.2.1.tgz 48ms
233 silly pacote range manifest for is-arrayish@^0.2.1 fetched in 97ms
234 silly resolveWithNewModule is-arrayish@0.2.1 checking installable status
235 http fetch GET 200 https://registry.npmjs.org/merge 30ms
236 http fetch GET 200 https://registry.npmjs.org/findup-sync 37ms
237 http fetch GET 200 https://registry.npmjs.org/findup-sync/-/findup-sync-3.0.0.tgz 38ms
238 silly pacote range manifest for findup-sync@^3.0.0 fetched in 78ms
239 silly resolveWithNewModule findup-sync@3.0.0 checking installable status
240 http fetch GET 200 https://registry.npmjs.org/merge/-/merge-1.2.1.tgz 57ms
241 silly pacote range manifest for merge@^1.2.1 fetched in 91ms
242 silly resolveWithNewModule merge@1.2.1 checking installable status
243 http fetch GET 200 https://registry.npmjs.org/resolve-dir 35ms
244 http fetch GET 200 https://registry.npmjs.org/is-glob 48ms
245 http fetch GET 200 https://registry.npmjs.org/micromatch 49ms
246 http fetch GET 200 https://registry.npmjs.org/detect-file 60ms
247 http fetch GET 200 https://registry.npmjs.org/resolve-dir/-/resolve-dir-1.0.1.tgz 43ms
248 silly pacote range manifest for resolve-dir@^1.0.1 fetched in 86ms
249 silly resolveWithNewModule resolve-dir@1.0.1 checking installable status
250 http fetch GET 200 https://registry.npmjs.org/is-glob/-/is-glob-4.0.1.tgz 39ms
251 silly pacote range manifest for is-glob@^4.0.0 fetched in 96ms
252 silly resolveWithNewModule is-glob@4.0.1 checking installable status
253 http fetch GET 200 https://registry.npmjs.org/detect-file/-/detect-file-1.0.0.tgz 37ms
254 http fetch GET 200 https://registry.npmjs.org/micromatch/-/micromatch-3.1.10.tgz 47ms
255 silly pacote range manifest for detect-file@^1.0.0 fetched in 104ms
256 silly resolveWithNewModule detect-file@1.0.0 checking installable status
257 silly pacote range manifest for micromatch@^3.0.4 fetched in 104ms
258 silly resolveWithNewModule micromatch@3.1.10 checking installable status
259 http fetch GET 200 https://registry.npmjs.org/is-extglob 51ms
260 http fetch GET 200 https://registry.npmjs.org/is-extglob/-/is-extglob-2.1.1.tgz 40ms
261 silly pacote range manifest for is-extglob@^2.1.1 fetched in 96ms
262 silly resolveWithNewModule is-extglob@2.1.1 checking installable status
263 http fetch GET 200 https://registry.npmjs.org/define-property 58ms
264 http fetch GET 200 https://registry.npmjs.org/extend-shallow 61ms
265 http fetch GET 200 https://registry.npmjs.org/array-unique 65ms
266 http fetch GET 200 https://registry.npmjs.org/object.pick 62ms
267 http fetch GET 200 https://registry.npmjs.org/fragment-cache 63ms
268 http fetch GET 200 https://registry.npmjs.org/braces 70ms
269 http fetch GET 200 https://registry.npmjs.org/arr-diff 73ms
270 http fetch GET 200 https://registry.npmjs.org/extglob 78ms
271 http fetch GET 200 https://registry.npmjs.org/kind-of 81ms
272 http fetch GET 200 https://registry.npmjs.org/nanomatch 89ms
273 http fetch GET 200 https://registry.npmjs.org/define-property/-/define-property-2.0.2.tgz 34ms
274 silly pacote range manifest for define-property@^2.0.2 fetched in 97ms
275 silly resolveWithNewModule define-property@2.0.2 checking installable status
276 http fetch GET 200 https://registry.npmjs.org/extend-shallow/-/extend-shallow-3.0.2.tgz 43ms
277 http fetch GET 200 https://registry.npmjs.org/object.pick/-/object.pick-1.3.0.tgz 39ms
278 silly pacote range manifest for extend-shallow@^3.0.2 fetched in 109ms
279 silly resolveWithNewModule extend-shallow@3.0.2 checking installable status
280 silly pacote range manifest for object.pick@^1.3.0 fetched in 115ms
281 silly resolveWithNewModule object.pick@1.3.0 checking installable status
282 http fetch GET 200 https://registry.npmjs.org/array-unique/-/array-unique-0.3.2.tgz 60ms
283 http fetch GET 200 https://registry.npmjs.org/extglob/-/extglob-2.0.4.tgz 47ms
284 http fetch GET 200 https://registry.npmjs.org/fragment-cache/-/fragment-cache-0.2.1.tgz 62ms
285 http fetch GET 200 https://registry.npmjs.org/arr-diff/-/arr-diff-4.0.0.tgz 59ms
286 silly pacote range manifest for array-unique@^0.3.2 fetched in 136ms
287 silly resolveWithNewModule array-unique@0.3.2 checking installable status
288 silly pacote range manifest for extglob@^2.0.4 fetched in 138ms
289 silly resolveWithNewModule extglob@2.0.4 checking installable status
290 http fetch GET 200 https://registry.npmjs.org/regex-not 42ms
291 silly pacote range manifest for fragment-cache@^0.2.1 fetched in 138ms
292 silly resolveWithNewModule fragment-cache@0.2.1 checking installable status
293 silly pacote range manifest for arr-diff@^4.0.0 fetched in 150ms
294 silly resolveWithNewModule arr-diff@4.0.0 checking installable status
295 http fetch GET 200 https://registry.npmjs.org/nanomatch/-/nanomatch-1.2.13.tgz 57ms
296 http fetch GET 200 https://registry.npmjs.org/braces/-/braces-2.3.2.tgz 79ms
297 silly pacote range manifest for nanomatch@^1.2.9 fetched in 157ms
298 silly resolveWithNewModule nanomatch@1.2.13 checking installable status
299 http fetch GET 200 https://registry.npmjs.org/to-regex 44ms
300 silly pacote range manifest for braces@^2.3.1 fetched in 163ms
301 silly resolveWithNewModule braces@2.3.2 checking installable status
302 http fetch GET 200 https://registry.npmjs.org/kind-of/-/kind-of-6.0.3.tgz 78ms
303 http fetch GET 200 https://registry.npmjs.org/snapdragon 55ms
304 silly pacote range manifest for kind-of@^6.0.2 fetched in 167ms
305 silly resolveWithNewModule kind-of@6.0.3 checking installable status
306 http fetch GET 200 https://registry.npmjs.org/regex-not/-/regex-not-1.0.2.tgz 44ms
307 silly pacote range manifest for regex-not@^1.0.0 fetched in 92ms
308 silly resolveWithNewModule regex-not@1.0.2 checking installable status
309 http fetch GET 200 https://registry.npmjs.org/to-regex/-/to-regex-3.0.2.tgz 38ms
310 silly pacote range manifest for to-regex@^3.0.2 fetched in 97ms
311 silly resolveWithNewModule to-regex@3.0.2 checking installable status
312 http fetch GET 200 https://registry.npmjs.org/snapdragon/-/snapdragon-0.8.2.tgz 49ms
313 silly pacote range manifest for snapdragon@^0.8.1 fetched in 107ms
314 silly resolveWithNewModule snapdragon@0.8.2 checking installable status
315 http fetch GET 200 https://registry.npmjs.org/arr-flatten 53ms
316 http fetch GET 200 https://registry.npmjs.org/snapdragon-node 52ms
317 http fetch GET 200 https://registry.npmjs.org/split-string 54ms
318 http fetch GET 200 https://registry.npmjs.org/fill-range 56ms
319 http fetch GET 200 https://registry.npmjs.org/extend-shallow/-/extend-shallow-2.0.1.tgz 51ms
320 http fetch GET 200 https://registry.npmjs.org/isobject 59ms
321 http fetch GET 200 https://registry.npmjs.org/repeat-element 60ms
322 silly pacote range manifest for extend-shallow@^2.0.1 fetched in 67ms
323 silly resolveWithNewModule extend-shallow@2.0.1 checking installable status
324 http fetch GET 200 https://registry.npmjs.org/fill-range/-/fill-range-4.0.0.tgz 43ms
325 http fetch GET 200 https://registry.npmjs.org/arr-flatten/-/arr-flatten-1.1.0.tgz 54ms
326 http fetch GET 200 https://registry.npmjs.org/split-string/-/split-string-3.1.0.tgz 54ms
327 silly pacote range manifest for fill-range@^4.0.0 fetched in 117ms
328 silly resolveWithNewModule fill-range@4.0.0 checking installable status
329 http fetch GET 200 https://registry.npmjs.org/isobject/-/isobject-3.0.1.tgz 57ms
330 http fetch GET 200 https://registry.npmjs.org/snapdragon-node/-/snapdragon-node-2.1.1.tgz 63ms
331 http fetch GET 200 https://registry.npmjs.org/repeat-element/-/repeat-element-1.1.3.tgz 58ms
332 silly pacote range manifest for arr-flatten@^1.1.0 fetched in 123ms
333 silly resolveWithNewModule arr-flatten@1.1.0 checking installable status
334 silly pacote range manifest for split-string@^3.0.2 fetched in 123ms
335 silly resolveWithNewModule split-string@3.1.0 checking installable status
336 silly pacote range manifest for isobject@^3.0.1 fetched in 125ms
337 silly resolveWithNewModule isobject@3.0.1 checking installable status
338 silly pacote range manifest for snapdragon-node@^2.0.1 fetched in 126ms
339 silly resolveWithNewModule snapdragon-node@2.1.1 checking installable status
340 silly pacote range manifest for repeat-element@^1.1.2 fetched in 127ms
341 silly resolveWithNewModule repeat-element@1.1.3 checking installable status
342 http fetch GET 200 https://registry.npmjs.org/is-extendable 34ms
343 http fetch GET 200 https://registry.npmjs.org/is-extendable/-/is-extendable-0.1.1.tgz 44ms
344 silly pacote range manifest for is-extendable@^0.1.0 fetched in 81ms
345 silly resolveWithNewModule is-extendable@0.1.1 checking installable status
346 silly pacote range manifest for extend-shallow@^2.0.1 fetched in 4ms
347 silly resolveWithNewModule extend-shallow@2.0.1 checking installable status
348 http fetch GET 200 https://registry.npmjs.org/to-regex-range 33ms
349 http fetch GET 200 https://registry.npmjs.org/is-number 39ms
350 http fetch GET 200 https://registry.npmjs.org/repeat-string 41ms
351 http fetch GET 200 https://registry.npmjs.org/is-number/-/is-number-3.0.0.tgz 36ms
352 http fetch GET 200 https://registry.npmjs.org/to-regex-range/-/to-regex-range-2.1.1.tgz 39ms
353 silly pacote range manifest for is-number@^3.0.0 fetched in 78ms
354 silly resolveWithNewModule is-number@3.0.0 checking installable status
355 silly pacote range manifest for to-regex-range@^2.1.0 fetched in 78ms
356 silly resolveWithNewModule to-regex-range@2.1.1 checking installable status
357 http fetch GET 200 https://registry.npmjs.org/repeat-string/-/repeat-string-1.6.1.tgz 47ms
358 silly pacote range manifest for repeat-string@^1.6.1 fetched in 92ms
359 silly resolveWithNewModule repeat-string@1.6.1 checking installable status
360 http fetch GET 200 https://registry.npmjs.org/kind-of/-/kind-of-3.2.2.tgz 35ms
361 silly pacote range manifest for kind-of@^3.0.2 fetched in 39ms
362 silly resolveWithNewModule kind-of@3.2.2 checking installable status
363 http fetch GET 200 https://registry.npmjs.org/is-buffer 39ms
364 http fetch GET 200 https://registry.npmjs.org/is-buffer/-/is-buffer-1.1.6.tgz 33ms
365 silly pacote range manifest for is-buffer@^1.1.5 fetched in 74ms
366 silly resolveWithNewModule is-buffer@1.1.6 checking installable status
367 silly pacote range manifest for extend-shallow@^2.0.1 fetched in 7ms
368 silly resolveWithNewModule extend-shallow@2.0.1 checking installable status
369 http fetch GET 200 https://registry.npmjs.org/map-cache 48ms
370 http fetch GET 200 https://registry.npmjs.org/source-map 54ms
371 http fetch GET 200 https://registry.npmjs.org/use 57ms
372 http fetch GET 200 https://registry.npmjs.org/base 66ms
373 http fetch GET 200 https://registry.npmjs.org/define-property/-/define-property-0.2.5.tgz 79ms
374 http fetch GET 200 https://registry.npmjs.org/source-map-resolve 85ms
375 http fetch GET 200 https://registry.npmjs.org/debug 87ms
376 silly pacote range manifest for define-property@^0.2.5 fetched in 94ms
377 silly resolveWithNewModule define-property@0.2.5 checking installable status
378 http fetch GET 200 https://registry.npmjs.org/use/-/use-3.1.1.tgz 35ms
379 silly pacote range manifest for use@^3.1.0 fetched in 101ms
380 silly resolveWithNewModule use@3.1.1 checking installable status
381 http fetch GET 200 https://registry.npmjs.org/map-cache/-/map-cache-0.2.2.tgz 83ms
382 http fetch GET 200 https://registry.npmjs.org/base/-/base-0.11.2.tgz 64ms
383 http fetch GET 200 https://registry.npmjs.org/debug/-/debug-2.6.9.tgz 53ms
384 http fetch GET 200 https://registry.npmjs.org/source-map-resolve/-/source-map-resolve-0.5.3.tgz 56ms
385 silly pacote range manifest for base@^0.11.1 fetched in 150ms
386 silly resolveWithNewModule base@0.11.2 checking installable status
387 silly pacote range manifest for debug@^2.2.0 fetched in 150ms
388 silly resolveWithNewModule debug@2.6.9 checking installable status
389 http fetch GET 200 https://registry.npmjs.org/source-map/-/source-map-0.5.7.tgz 90ms
390 silly pacote range manifest for map-cache@^0.2.2 fetched in 152ms
391 silly resolveWithNewModule map-cache@0.2.2 checking installable status
392 silly pacote range manifest for source-map-resolve@^0.5.0 fetched in 151ms
393 silly resolveWithNewModule source-map-resolve@0.5.3 checking installable status
394 silly pacote range manifest for source-map@^0.5.6 fetched in 155ms
395 silly resolveWithNewModule source-map@0.5.7 checking installable status
396 http fetch GET 200 https://registry.npmjs.org/define-property/-/define-property-1.0.0.tgz 36ms
397 http fetch GET 200 https://registry.npmjs.org/class-utils 40ms
398 http fetch GET 200 https://registry.npmjs.org/pascalcase 40ms
399 http fetch GET 200 https://registry.npmjs.org/component-emitter 45ms
400 silly pacote range manifest for define-property@^1.0.0 fetched in 50ms
401 silly resolveWithNewModule define-property@1.0.0 checking installable status
402 http fetch GET 200 https://registry.npmjs.org/mixin-deep 51ms
403 http fetch GET 200 https://registry.npmjs.org/cache-base 54ms
404 http fetch GET 200 https://registry.npmjs.org/class-utils/-/class-utils-0.3.6.tgz 41ms
405 silly pacote range manifest for class-utils@^0.3.5 fetched in 86ms
406 silly resolveWithNewModule class-utils@0.3.6 checking installable status
407 http fetch GET 200 https://registry.npmjs.org/component-emitter/-/component-emitter-1.3.0.tgz 58ms
408 http fetch GET 200 https://registry.npmjs.org/mixin-deep/-/mixin-deep-1.3.2.tgz 52ms
409 http fetch GET 200 https://registry.npmjs.org/cache-base/-/cache-base-1.0.1.tgz 52ms
410 http fetch GET 200 https://registry.npmjs.org/pascalcase/-/pascalcase-0.1.1.tgz 62ms
411 silly pacote range manifest for mixin-deep@^1.2.0 fetched in 111ms
412 silly resolveWithNewModule mixin-deep@1.3.2 checking installable status
413 silly pacote range manifest for pascalcase@^0.1.1 fetched in 110ms
414 silly resolveWithNewModule pascalcase@0.1.1 checking installable status
415 silly pacote range manifest for cache-base@^1.0.1 fetched in 113ms
416 silly resolveWithNewModule cache-base@1.0.1 checking installable status
417 silly pacote range manifest for component-emitter@^1.2.1 fetched in 112ms
418 silly resolveWithNewModule component-emitter@1.3.0 checking installable status
419 http fetch GET 200 https://registry.npmjs.org/collection-visit 47ms
420 http fetch GET 200 https://registry.npmjs.org/set-value 48ms
421 http fetch GET 200 https://registry.npmjs.org/union-value 51ms
422 http fetch GET 200 https://registry.npmjs.org/has-value 53ms
423 http fetch GET 200 https://registry.npmjs.org/unset-value 55ms
424 http fetch GET 200 https://registry.npmjs.org/to-object-path 57ms
425 http fetch GET 200 https://registry.npmjs.org/get-value 59ms
426 http fetch GET 200 https://registry.npmjs.org/has-value/-/has-value-1.0.0.tgz 46ms
427 http fetch GET 200 https://registry.npmjs.org/set-value/-/set-value-2.0.1.tgz 51ms
428 http fetch GET 200 https://registry.npmjs.org/union-value/-/union-value-1.0.1.tgz 51ms
429 http fetch GET 200 https://registry.npmjs.org/collection-visit/-/collection-visit-1.0.0.tgz 57ms
430 http fetch GET 200 https://registry.npmjs.org/get-value/-/get-value-2.0.6.tgz 49ms
431 silly pacote range manifest for set-value@^2.0.0 fetched in 112ms
432 silly resolveWithNewModule set-value@2.0.1 checking installable status
433 silly pacote range manifest for has-value@^1.0.0 fetched in 112ms
434 silly resolveWithNewModule has-value@1.0.0 checking installable status
435 silly pacote range manifest for union-value@^1.0.0 fetched in 114ms
436 silly resolveWithNewModule union-value@1.0.1 checking installable status
437 http fetch GET 200 https://registry.npmjs.org/to-object-path/-/to-object-path-0.3.0.tgz 55ms
438 silly pacote range manifest for collection-visit@^1.0.0 fetched in 115ms
439 silly resolveWithNewModule collection-visit@1.0.0 checking installable status
440 http fetch GET 200 https://registry.npmjs.org/unset-value/-/unset-value-1.0.0.tgz 56ms
441 silly pacote range manifest for get-value@^2.0.6 fetched in 117ms
442 silly resolveWithNewModule get-value@2.0.6 checking installable status
443 silly pacote range manifest for to-object-path@^0.3.0 fetched in 117ms
444 silly resolveWithNewModule to-object-path@0.3.0 checking installable status
445 silly pacote range manifest for unset-value@^1.0.0 fetched in 118ms
446 silly resolveWithNewModule unset-value@1.0.0 checking installable status
447 http fetch GET 200 https://registry.npmjs.org/object-visit 37ms
448 http fetch GET 200 https://registry.npmjs.org/map-visit 40ms
449 http fetch GET 200 https://registry.npmjs.org/map-visit/-/map-visit-1.0.0.tgz 35ms
450 silly pacote range manifest for map-visit@^1.0.0 fetched in 79ms
451 silly resolveWithNewModule map-visit@1.0.0 checking installable status
452 http fetch GET 200 https://registry.npmjs.org/object-visit/-/object-visit-1.0.1.tgz 47ms
453 silly pacote range manifest for object-visit@^1.0.0 fetched in 88ms
454 silly resolveWithNewModule object-visit@1.0.1 checking installable status
455 http fetch GET 200 https://registry.npmjs.org/has-values 36ms
456 http fetch GET 200 https://registry.npmjs.org/has-values/-/has-values-1.0.0.tgz 31ms
457 silly pacote range manifest for has-values@^1.0.0 fetched in 70ms
458 silly resolveWithNewModule has-values@1.0.0 checking installable status
459 http fetch GET 200 https://registry.npmjs.org/kind-of/-/kind-of-4.0.0.tgz 64ms
460 silly pacote range manifest for kind-of@^4.0.0 fetched in 67ms
461 silly resolveWithNewModule kind-of@4.0.0 checking installable status
462 silly pacote range manifest for extend-shallow@^2.0.1 fetched in 2ms
463 silly resolveWithNewModule extend-shallow@2.0.1 checking installable status
464 http fetch GET 200 https://registry.npmjs.org/is-plain-object 41ms
465 http fetch GET 200 https://registry.npmjs.org/is-plain-object/-/is-plain-object-2.0.4.tgz 49ms
466 silly pacote range manifest for is-plain-object@^2.0.3 fetched in 94ms
467 silly resolveWithNewModule is-plain-object@2.0.4 checking installable status
468 http fetch GET 200 https://registry.npmjs.org/assign-symbols 56ms
469 http fetch GET 200 https://registry.npmjs.org/is-extendable/-/is-extendable-1.0.1.tgz 58ms
470 silly pacote range manifest for is-extendable@^1.0.1 fetched in 62ms
471 silly resolveWithNewModule is-extendable@1.0.1 checking installable status
472 http fetch GET 200 https://registry.npmjs.org/assign-symbols/-/assign-symbols-1.0.0.tgz 41ms
473 silly pacote range manifest for assign-symbols@^1.0.0 fetched in 101ms
474 silly resolveWithNewModule assign-symbols@1.0.0 checking installable status
475 silly pacote range manifest for kind-of@^3.0.2 fetched in 1ms
476 silly resolveWithNewModule kind-of@3.2.2 checking installable status
477 http fetch GET 200 https://registry.npmjs.org/arr-union 42ms
478 http fetch GET 200 https://registry.npmjs.org/arr-union/-/arr-union-3.1.0.tgz 40ms
479 silly pacote range manifest for arr-union@^3.1.0 fetched in 87ms
480 silly resolveWithNewModule arr-union@3.1.0 checking installable status
481 http fetch GET 200 https://registry.npmjs.org/has-value/-/has-value-0.3.1.tgz 38ms
482 silly pacote range manifest for has-value@^0.3.1 fetched in 42ms
483 silly resolveWithNewModule has-value@0.3.1 checking installable status
484 http fetch GET 200 https://registry.npmjs.org/has-values/-/has-values-0.1.4.tgz 39ms
485 silly pacote range manifest for has-values@^0.1.4 fetched in 50ms
486 silly resolveWithNewModule has-values@0.1.4 checking installable status
487 http fetch GET 200 https://registry.npmjs.org/isobject/-/isobject-2.1.0.tgz 48ms
488 silly pacote range manifest for isobject@^2.0.0 fetched in 55ms
489 silly resolveWithNewModule isobject@2.1.0 checking installable status
490 http fetch GET 200 https://registry.npmjs.org/isarray 36ms
491 http fetch GET 200 https://registry.npmjs.org/isarray/-/isarray-1.0.0.tgz 40ms
492 silly pacote version manifest for isarray@1.0.0 fetched in 79ms
493 silly resolveWithNewModule isarray@1.0.0 checking installable status
494 silly pacote range manifest for define-property@^0.2.5 fetched in 2ms
495 silly resolveWithNewModule define-property@0.2.5 checking installable status
496 http fetch GET 200 https://registry.npmjs.org/static-extend 34ms
497 http fetch GET 200 https://registry.npmjs.org/static-extend/-/static-extend-0.1.2.tgz 36ms
498 silly pacote range manifest for static-extend@^0.1.1 fetched in 73ms
499 silly resolveWithNewModule static-extend@0.1.2 checking installable status
500 http fetch GET 200 https://registry.npmjs.org/is-descriptor 66ms
501 http fetch GET 200 https://registry.npmjs.org/is-descriptor/-/is-descriptor-0.1.6.tgz 36ms
502 silly pacote range manifest for is-descriptor@^0.1.0 fetched in 105ms
503 silly resolveWithNewModule is-descriptor@0.1.6 checking installable status
504 http fetch GET 200 https://registry.npmjs.org/kind-of/-/kind-of-5.1.0.tgz 43ms
505 http fetch GET 200 https://registry.npmjs.org/is-data-descriptor 47ms
506 http fetch GET 200 https://registry.npmjs.org/is-accessor-descriptor 49ms
507 silly pacote range manifest for kind-of@^5.0.0 fetched in 52ms
508 silly resolveWithNewModule kind-of@5.1.0 checking installable status
509 http fetch GET 200 https://registry.npmjs.org/is-data-descriptor/-/is-data-descriptor-0.1.4.tgz 42ms
510 silly pacote range manifest for is-data-descriptor@^0.1.4 fetched in 92ms
511 silly resolveWithNewModule is-data-descriptor@0.1.4 checking installable status
512 http fetch GET 200 https://registry.npmjs.org/is-accessor-descriptor/-/is-accessor-descriptor-0.1.6.tgz 49ms
513 silly pacote range manifest for is-accessor-descriptor@^0.1.6 fetched in 102ms
514 silly resolveWithNewModule is-accessor-descriptor@0.1.6 checking installable status
515 silly pacote range manifest for kind-of@^3.0.2 fetched in 2ms
516 silly resolveWithNewModule kind-of@3.2.2 checking installable status
517 silly pacote range manifest for kind-of@^3.0.2 fetched in 1ms
518 silly resolveWithNewModule kind-of@3.2.2 checking installable status
519 silly pacote range manifest for define-property@^0.2.5 fetched in 2ms
520 silly resolveWithNewModule define-property@0.2.5 checking installable status
521 http fetch GET 200 https://registry.npmjs.org/object-copy 32ms
522 http fetch GET 200 https://registry.npmjs.org/object-copy/-/object-copy-0.1.0.tgz 31ms
523 silly pacote range manifest for object-copy@^0.1.0 fetched in 66ms
524 silly resolveWithNewModule object-copy@0.1.0 checking installable status
525 silly pacote range manifest for define-property@^0.2.5 fetched in 3ms
526 silly resolveWithNewModule define-property@0.2.5 checking installable status
527 silly pacote range manifest for kind-of@^3.0.3 fetched in 3ms
528 silly resolveWithNewModule kind-of@3.2.2 checking installable status
529 http fetch GET 200 https://registry.npmjs.org/copy-descriptor 40ms
530 http fetch GET 200 https://registry.npmjs.org/copy-descriptor/-/copy-descriptor-0.1.1.tgz 51ms
531 silly pacote range manifest for copy-descriptor@^0.1.0 fetched in 95ms
532 silly resolveWithNewModule copy-descriptor@0.1.1 checking installable status
533 http fetch GET 200 https://registry.npmjs.org/is-descriptor/-/is-descriptor-1.0.2.tgz 39ms
534 silly pacote range manifest for is-descriptor@^1.0.0 fetched in 42ms
535 silly resolveWithNewModule is-descriptor@1.0.2 checking installable status
536 http fetch GET 200 https://registry.npmjs.org/is-data-descriptor/-/is-data-descriptor-1.0.0.tgz 35ms
537 http fetch GET 200 https://registry.npmjs.org/is-accessor-descriptor/-/is-accessor-descriptor-1.0.0.tgz 36ms
538 silly pacote range manifest for is-accessor-descriptor@^1.0.0 fetched in 39ms
539 silly resolveWithNewModule is-accessor-descriptor@1.0.0 checking installable status
540 silly pacote range manifest for is-data-descriptor@^1.0.0 fetched in 39ms
541 silly resolveWithNewModule is-data-descriptor@1.0.0 checking installable status
542 silly pacote range manifest for is-extendable@^1.0.1 fetched in 1ms
543 silly resolveWithNewModule is-extendable@1.0.1 checking installable status
544 http fetch GET 200 https://registry.npmjs.org/for-in 44ms
545 http fetch GET 200 https://registry.npmjs.org/for-in/-/for-in-1.0.2.tgz 30ms
546 silly pacote range manifest for for-in@^1.0.2 fetched in 78ms
547 silly resolveWithNewModule for-in@1.0.2 checking installable status
548 http fetch GET 200 https://registry.npmjs.org/ms 34ms
549 http fetch GET 200 https://registry.npmjs.org/ms/-/ms-2.0.0.tgz 32ms
550 silly pacote version manifest for ms@2.0.0 fetched in 69ms
551 silly resolveWithNewModule ms@2.0.0 checking installable status
552 http fetch GET 200 https://registry.npmjs.org/source-map-url 35ms
553 http fetch GET 200 https://registry.npmjs.org/atob 42ms
554 http fetch GET 200 https://registry.npmjs.org/urix 43ms
555 http fetch GET 200 https://registry.npmjs.org/decode-uri-component 51ms
556 http fetch GET 200 https://registry.npmjs.org/resolve-url 53ms
557 http fetch GET 200 https://registry.npmjs.org/source-map-url/-/source-map-url-0.4.0.tgz 38ms
558 http fetch GET 200 https://registry.npmjs.org/atob/-/atob-2.1.2.tgz 32ms
559 silly pacote range manifest for source-map-url@^0.4.0 fetched in 78ms
560 silly resolveWithNewModule source-map-url@0.4.0 checking installable status
561 silly pacote range manifest for atob@^2.1.2 fetched in 81ms
562 silly resolveWithNewModule atob@2.1.2 checking installable status
563 http fetch GET 200 https://registry.npmjs.org/urix/-/urix-0.1.0.tgz 36ms
564 silly pacote range manifest for urix@^0.1.0 fetched in 83ms
565 warn deprecated urix@0.1.0: Please see https://github.com/lydell/urix#deprecated
566 silly resolveWithNewModule urix@0.1.0 checking installable status
567 http fetch GET 200 https://registry.npmjs.org/resolve-url/-/resolve-url-0.2.1.tgz 35ms
568 silly pacote range manifest for resolve-url@^0.2.1 fetched in 93ms
569 warn deprecated resolve-url@0.2.1: https://github.com/lydell/resolve-url#deprecated
570 silly resolveWithNewModule resolve-url@0.2.1 checking installable status
571 http fetch GET 200 https://registry.npmjs.org/decode-uri-component/-/decode-uri-component-0.2.0.tgz 44ms
572 silly pacote range manifest for decode-uri-component@^0.2.0 fetched in 97ms
573 silly resolveWithNewModule decode-uri-component@0.2.0 checking installable status
574 silly pacote range manifest for define-property@^1.0.0 fetched in 2ms
575 silly resolveWithNewModule define-property@1.0.0 checking installable status
576 http fetch GET 200 https://registry.npmjs.org/snapdragon-util 34ms
577 http fetch GET 200 https://registry.npmjs.org/snapdragon-util/-/snapdragon-util-3.0.1.tgz 39ms
578 silly pacote range manifest for snapdragon-util@^3.0.1 fetched in 77ms
579 silly resolveWithNewModule snapdragon-util@3.0.1 checking installable status
580 silly pacote range manifest for is-descriptor@^1.0.0 fetched in 1ms
581 silly resolveWithNewModule is-descriptor@1.0.2 checking installable status
582 silly pacote range manifest for is-data-descriptor@^1.0.0 fetched in 1ms
583 silly resolveWithNewModule is-data-descriptor@1.0.0 checking installable status
584 silly pacote range manifest for is-accessor-descriptor@^1.0.0 fetched in 2ms
585 silly resolveWithNewModule is-accessor-descriptor@1.0.0 checking installable status
586 silly pacote range manifest for kind-of@^3.2.0 fetched in 1ms
587 silly resolveWithNewModule kind-of@3.2.2 checking installable status
588 http fetch GET 200 https://registry.npmjs.org/safe-regex 66ms
589 http fetch GET 200 https://registry.npmjs.org/safe-regex/-/safe-regex-1.1.0.tgz 44ms
590 silly pacote range manifest for safe-regex@^1.1.0 fetched in 113ms
591 silly resolveWithNewModule safe-regex@1.1.0 checking installable status
592 silly pacote range manifest for is-descriptor@^1.0.2 fetched in 1ms
593 silly resolveWithNewModule is-descriptor@1.0.2 checking installable status
594 silly pacote range manifest for is-accessor-descriptor@^1.0.0 fetched in 1ms
595 silly resolveWithNewModule is-accessor-descriptor@1.0.0 checking installable status
596 silly pacote range manifest for is-data-descriptor@^1.0.0 fetched in 2ms
597 silly resolveWithNewModule is-data-descriptor@1.0.0 checking installable status
598 http fetch GET 200 https://registry.npmjs.org/ret 42ms
599 http fetch GET 200 https://registry.npmjs.org/ret/-/ret-0.1.15.tgz 47ms
600 silly pacote range manifest for ret@~0.1.10 fetched in 94ms
601 silly resolveWithNewModule ret@0.1.15 checking installable status
602 silly pacote range manifest for define-property@^1.0.0 fetched in 2ms
603 silly resolveWithNewModule define-property@1.0.0 checking installable status
604 silly pacote range manifest for extend-shallow@^2.0.1 fetched in 3ms
605 silly resolveWithNewModule extend-shallow@2.0.1 checking installable status
606 http fetch GET 200 https://registry.npmjs.org/expand-brackets 79ms
607 http fetch GET 200 https://registry.npmjs.org/expand-brackets/-/expand-brackets-2.1.4.tgz 40ms
608 silly pacote range manifest for expand-brackets@^2.1.4 fetched in 122ms
609 silly resolveWithNewModule expand-brackets@2.1.4 checking installable status
610 silly pacote range manifest for is-descriptor@^1.0.0 fetched in 1ms
611 silly resolveWithNewModule is-descriptor@1.0.2 checking installable status
612 silly pacote range manifest for is-accessor-descriptor@^1.0.0 fetched in 1ms
613 silly resolveWithNewModule is-accessor-descriptor@1.0.0 checking installable status
614 silly pacote range manifest for is-data-descriptor@^1.0.0 fetched in 1ms
615 silly resolveWithNewModule is-data-descriptor@1.0.0 checking installable status
616 silly pacote range manifest for define-property@^0.2.5 fetched in 2ms
617 silly resolveWithNewModule define-property@0.2.5 checking installable status
618 silly pacote range manifest for extend-shallow@^2.0.1 fetched in 3ms
619 silly resolveWithNewModule extend-shallow@2.0.1 checking installable status
620 http fetch GET 200 https://registry.npmjs.org/posix-character-classes 41ms
621 http fetch GET 200 https://registry.npmjs.org/posix-character-classes/-/posix-character-classes-0.1.1.tgz 43ms
622 silly pacote range manifest for posix-character-classes@^0.1.0 fetched in 88ms
623 silly resolveWithNewModule posix-character-classes@0.1.1 checking installable status
624 http fetch GET 200 https://registry.npmjs.org/is-windows 36ms
625 http fetch GET 200 https://registry.npmjs.org/is-windows/-/is-windows-1.0.2.tgz 44ms
626 silly pacote range manifest for is-windows@^1.0.2 fetched in 84ms
627 silly resolveWithNewModule is-windows@1.0.2 checking installable status
628 http fetch GET 200 https://registry.npmjs.org/global-modules 51ms
629 http fetch GET 200 https://registry.npmjs.org/expand-tilde 53ms
630 http fetch GET 200 https://registry.npmjs.org/expand-tilde/-/expand-tilde-2.0.2.tgz 31ms
631 silly pacote range manifest for expand-tilde@^2.0.0 fetched in 87ms
632 silly resolveWithNewModule expand-tilde@2.0.2 checking installable status
633 http fetch GET 200 https://registry.npmjs.org/global-modules/-/global-modules-1.0.0.tgz 40ms
634 silly pacote range manifest for global-modules@^1.0.0 fetched in 94ms
635 silly resolveWithNewModule global-modules@1.0.0 checking installable status
636 http fetch GET 200 https://registry.npmjs.org/homedir-polyfill 39ms
637 http fetch GET 200 https://registry.npmjs.org/homedir-polyfill/-/homedir-polyfill-1.0.3.tgz 43ms
638 silly pacote range manifest for homedir-polyfill@^1.0.1 fetched in 84ms
639 silly resolveWithNewModule homedir-polyfill@1.0.3 checking installable status
640 http fetch GET 200 https://registry.npmjs.org/parse-passwd 36ms
641 http fetch GET 200 https://registry.npmjs.org/parse-passwd/-/parse-passwd-1.0.0.tgz 47ms
642 silly pacote range manifest for parse-passwd@^1.0.0 fetched in 86ms
643 silly resolveWithNewModule parse-passwd@1.0.0 checking installable status
644 http fetch GET 200 https://registry.npmjs.org/global-prefix 44ms
645 http fetch GET 200 https://registry.npmjs.org/global-prefix/-/global-prefix-1.0.2.tgz 35ms
646 silly pacote range manifest for global-prefix@^1.0.1 fetched in 82ms
647 silly resolveWithNewModule global-prefix@1.0.2 checking installable status
648 http fetch GET 200 https://registry.npmjs.org/which 45ms
649 http fetch GET 200 https://registry.npmjs.org/which/-/which-1.3.1.tgz 51ms
650 silly pacote range manifest for which@^1.2.14 fetched in 99ms
651 silly resolveWithNewModule which@1.3.1 checking installable status
652 http fetch GET 200 https://registry.npmjs.org/isexe 34ms
653 http fetch GET 200 https://registry.npmjs.org/isexe/-/isexe-2.0.0.tgz 52ms
654 silly pacote range manifest for isexe@^2.0.0 fetched in 88ms
655 silly resolveWithNewModule isexe@2.0.0 checking installable status
656 http fetch GET 200 https://registry.npmjs.org/jsonfile 34ms
657 http fetch GET 200 https://registry.npmjs.org/jsonfile/-/jsonfile-4.0.0.tgz 47ms
658 http fetch GET 200 https://registry.npmjs.org/graceful-fs 83ms
659 http fetch GET 200 https://registry.npmjs.org/universalify 85ms
660 silly pacote range manifest for jsonfile@^4.0.0 fetched in 89ms
661 silly resolveWithNewModule jsonfile@4.0.0 checking installable status
662 http fetch GET 200 https://registry.npmjs.org/universalify/-/universalify-0.1.2.tgz 40ms
663 http fetch GET 200 https://registry.npmjs.org/graceful-fs/-/graceful-fs-4.2.4.tgz 45ms
664 silly pacote range manifest for universalify@^0.1.0 fetched in 130ms
665 silly resolveWithNewModule universalify@0.1.2 checking installable status
666 silly pacote range manifest for graceful-fs@^4.2.0 fetched in 132ms
667 silly resolveWithNewModule graceful-fs@4.2.4 checking installable status
668 http fetch GET 200 https://registry.npmjs.org/inflight 48ms
669 http fetch GET 200 https://registry.npmjs.org/fs.realpath 49ms
670 http fetch GET 200 https://registry.npmjs.org/inherits 48ms
671 http fetch GET 200 https://registry.npmjs.org/once 53ms
672 http fetch GET 200 https://registry.npmjs.org/minimatch 58ms
673 http fetch GET 200 https://registry.npmjs.org/path-is-absolute 58ms
674 http fetch GET 200 https://registry.npmjs.org/inherits/-/inherits-2.0.4.tgz 42ms
675 http fetch GET 200 https://registry.npmjs.org/once/-/once-1.4.0.tgz 38ms
676 silly pacote range manifest for inherits@2 fetched in 100ms
677 silly resolveWithNewModule inherits@2.0.4 checking installable status
678 http fetch GET 200 https://registry.npmjs.org/path-is-absolute/-/path-is-absolute-1.0.1.tgz 40ms
679 http fetch GET 200 https://registry.npmjs.org/inflight/-/inflight-1.0.6.tgz 52ms
680 silly pacote range manifest for once@^1.3.0 fetched in 101ms
681 silly resolveWithNewModule once@1.4.0 checking installable status
682 silly pacote range manifest for path-is-absolute@^1.0.0 fetched in 105ms
683 silly resolveWithNewModule path-is-absolute@1.0.1 checking installable status
684 silly pacote range manifest for inflight@^1.0.4 fetched in 108ms
685 silly resolveWithNewModule inflight@1.0.6 checking installable status
686 http fetch GET 200 https://registry.npmjs.org/minimatch/-/minimatch-3.0.4.tgz 48ms
687 silly pacote range manifest for minimatch@^3.0.4 fetched in 109ms
688 silly resolveWithNewModule minimatch@3.0.4 checking installable status
689 http fetch GET 200 https://registry.npmjs.org/fs.realpath/-/fs.realpath-1.0.0.tgz 86ms
690 silly pacote range manifest for fs.realpath@^1.0.0 fetched in 139ms
691 silly resolveWithNewModule fs.realpath@1.0.0 checking installable status
692 http fetch GET 200 https://registry.npmjs.org/wrappy 40ms
693 http fetch GET 200 https://registry.npmjs.org/wrappy/-/wrappy-1.0.2.tgz 33ms
694 silly pacote range manifest for wrappy@1 fetched in 75ms
695 silly resolveWithNewModule wrappy@1.0.2 checking installable status
696 http fetch GET 200 https://registry.npmjs.org/brace-expansion 53ms
697 http fetch GET 200 https://registry.npmjs.org/brace-expansion/-/brace-expansion-1.1.11.tgz 47ms
698 silly pacote range manifest for brace-expansion@^1.1.7 fetched in 105ms
699 silly resolveWithNewModule brace-expansion@1.1.11 checking installable status
700 http fetch GET 200 https://registry.npmjs.org/balanced-match 32ms
701 http fetch GET 200 https://registry.npmjs.org/concat-map 36ms
702 http fetch GET 200 https://registry.npmjs.org/balanced-match/-/balanced-match-1.0.0.tgz 58ms
703 silly pacote range manifest for balanced-match@^1.0.0 fetched in 96ms
704 silly resolveWithNewModule balanced-match@1.0.0 checking installable status
705 http fetch GET 200 https://registry.npmjs.org/concat-map/-/concat-map-0.0.1.tgz 58ms
706 silly pacote version manifest for concat-map@0.0.1 fetched in 97ms
707 silly resolveWithNewModule concat-map@0.0.1 checking installable status
708 http fetch GET 200 https://registry.npmjs.org/run-async 49ms
709 http fetch GET 200 https://registry.npmjs.org/string-width 51ms
710 http fetch GET 200 https://registry.npmjs.org/external-editor 53ms
711 http fetch GET 200 https://registry.npmjs.org/cli-width 63ms
712 http fetch GET 200 https://registry.npmjs.org/cli-cursor 66ms
713 http fetch GET 200 https://registry.npmjs.org/ansi-escapes 75ms
714 http fetch GET 200 https://registry.npmjs.org/strip-ansi 73ms
715 http fetch GET 200 https://registry.npmjs.org/figures 75ms
716 http fetch GET 200 https://registry.npmjs.org/mute-stream 78ms
717 http fetch GET 200 https://registry.npmjs.org/rxjs 81ms
718 http fetch GET 200 https://registry.npmjs.org/run-async/-/run-async-2.4.1.tgz 43ms
719 silly pacote range manifest for run-async@^2.2.0 fetched in 95ms
720 silly resolveWithNewModule run-async@2.4.1 checking installable status
721 http fetch GET 200 https://registry.npmjs.org/cli-cursor/-/cli-cursor-2.1.0.tgz 45ms
722 http fetch GET 200 https://registry.npmjs.org/external-editor/-/external-editor-3.1.0.tgz 54ms
723 http fetch GET 200 https://registry.npmjs.org/string-width/-/string-width-2.1.1.tgz 56ms
724 http fetch GET 200 https://registry.npmjs.org/cli-width/-/cli-width-2.2.1.tgz 52ms
725 silly pacote range manifest for cli-cursor@^2.1.0 fetched in 119ms
726 silly resolveWithNewModule cli-cursor@2.1.0 checking installable status
727 http fetch GET 200 https://registry.npmjs.org/figures/-/figures-2.0.0.tgz 42ms
728 silly pacote range manifest for external-editor@^3.0.3 fetched in 122ms
729 silly resolveWithNewModule external-editor@3.1.0 checking installable status
730 silly pacote range manifest for string-width@^2.1.0 fetched in 128ms
731 silly resolveWithNewModule string-width@2.1.1 checking installable status
732 silly pacote range manifest for cli-width@^2.0.0 fetched in 272ms
733 silly resolveWithNewModule cli-width@2.2.1 checking installable status
734 silly pacote range manifest for figures@^2.0.0 fetched in 272ms
735 silly resolveWithNewModule figures@2.0.0 checking installable status
736 http fetch GET 200 https://registry.npmjs.org/ansi-escapes/-/ansi-escapes-3.2.0.tgz 199ms
737 http fetch GET 200 https://registry.npmjs.org/through 180ms
738 http fetch GET 200 https://registry.npmjs.org/mute-stream/-/mute-stream-0.0.7.tgz 197ms
739 http fetch GET 200 https://registry.npmjs.org/strip-ansi/-/strip-ansi-5.2.0.tgz 200ms
740 http fetch GET 200 https://registry.npmjs.org/rxjs/-/rxjs-6.6.3.tgz 190ms
741 silly pacote range manifest for ansi-escapes@^3.2.0 fetched in 284ms
742 silly resolveWithNewModule ansi-escapes@3.2.0 checking installable status
743 silly pacote range manifest for strip-ansi@^5.1.0 fetched in 283ms
744 silly resolveWithNewModule strip-ansi@5.2.0 checking installable status
745 silly pacote version manifest for mute-stream@0.0.7 fetched in 284ms
746 silly resolveWithNewModule mute-stream@0.0.7 checking installable status
747 silly pacote range manifest for rxjs@^6.4.0 fetched in 285ms
748 silly resolveWithNewModule rxjs@6.6.3 checking installable status
749 http fetch GET 200 https://registry.npmjs.org/through/-/through-2.3.8.tgz 33ms
750 silly pacote range manifest for through@^2.3.6 fetched in 217ms
751 silly resolveWithNewModule through@2.3.8 checking installable status
752 http fetch GET 200 https://registry.npmjs.org/restore-cursor 35ms
753 http fetch GET 200 https://registry.npmjs.org/restore-cursor/-/restore-cursor-2.0.0.tgz 47ms
754 silly pacote range manifest for restore-cursor@^2.0.0 fetched in 85ms
755 silly resolveWithNewModule restore-cursor@2.0.0 checking installable status
756 http fetch GET 200 https://registry.npmjs.org/signal-exit 35ms
757 http fetch GET 200 https://registry.npmjs.org/onetime 44ms
758 http fetch GET 200 https://registry.npmjs.org/signal-exit/-/signal-exit-3.0.3.tgz 44ms
759 silly pacote range manifest for signal-exit@^3.0.2 fetched in 81ms
760 silly resolveWithNewModule signal-exit@3.0.3 checking installable status
761 http fetch GET 200 https://registry.npmjs.org/onetime/-/onetime-2.0.1.tgz 41ms
762 silly pacote range manifest for onetime@^2.0.0 fetched in 89ms
763 silly resolveWithNewModule onetime@2.0.1 checking installable status
764 http fetch GET 200 https://registry.npmjs.org/mimic-fn 46ms
765 http fetch GET 200 https://registry.npmjs.org/mimic-fn/-/mimic-fn-1.2.0.tgz 35ms
766 silly pacote range manifest for mimic-fn@^1.0.0 fetched in 84ms
767 silly resolveWithNewModule mimic-fn@1.2.0 checking installable status
768 http fetch GET 200 https://registry.npmjs.org/tmp 51ms
769 http fetch GET 200 https://registry.npmjs.org/chardet 62ms
770 http fetch GET 200 https://registry.npmjs.org/iconv-lite 69ms
771 http fetch GET 200 https://registry.npmjs.org/tmp/-/tmp-0.0.33.tgz 49ms
772 silly pacote range manifest for tmp@^0.0.33 fetched in 105ms
773 silly resolveWithNewModule tmp@0.0.33 checking installable status
774 http fetch GET 200 https://registry.npmjs.org/chardet/-/chardet-0.7.0.tgz 47ms
775 silly pacote range manifest for chardet@^0.7.0 fetched in 122ms
776 silly resolveWithNewModule chardet@0.7.0 checking installable status
777 http fetch GET 200 https://registry.npmjs.org/iconv-lite/-/iconv-lite-0.4.24.tgz 61ms
778 silly pacote range manifest for iconv-lite@^0.4.24 fetched in 134ms
779 silly resolveWithNewModule iconv-lite@0.4.24 checking installable status
780 http fetch GET 200 https://registry.npmjs.org/safer-buffer 46ms
781 http fetch GET 200 https://registry.npmjs.org/safer-buffer/-/safer-buffer-2.1.2.tgz 36ms
782 silly pacote range manifest for safer-buffer@>= 2.1.2 < 3 fetched in 85ms
783 silly resolveWithNewModule safer-buffer@2.1.2 checking installable status
784 http fetch GET 200 https://registry.npmjs.org/os-tmpdir 45ms
785 http fetch GET 200 https://registry.npmjs.org/os-tmpdir/-/os-tmpdir-1.0.2.tgz 37ms
786 silly pacote range manifest for os-tmpdir@~1.0.2 fetched in 84ms
787 silly resolveWithNewModule os-tmpdir@1.0.2 checking installable status
788 http fetch GET 200 https://registry.npmjs.org/tslib 44ms
789 http fetch GET 200 https://registry.npmjs.org/tslib/-/tslib-1.14.1.tgz 131ms
790 silly pacote range manifest for tslib@^1.9.0 fetched in 178ms
791 silly resolveWithNewModule tslib@1.14.1 checking installable status
792 http fetch GET 200 https://registry.npmjs.org/is-fullwidth-code-point 41ms
793 http fetch GET 200 https://registry.npmjs.org/strip-ansi/-/strip-ansi-4.0.0.tgz 62ms
794 silly pacote range manifest for strip-ansi@^4.0.0 fetched in 66ms
795 silly resolveWithNewModule strip-ansi@4.0.0 checking installable status
796 http fetch GET 200 https://registry.npmjs.org/is-fullwidth-code-point/-/is-fullwidth-code-point-2.0.0.tgz 33ms
797 silly pacote range manifest for is-fullwidth-code-point@^2.0.0 fetched in 78ms
798 silly resolveWithNewModule is-fullwidth-code-point@2.0.0 checking installable status
799 http fetch GET 200 https://registry.npmjs.org/ansi-regex 34ms
800 http fetch GET 200 https://registry.npmjs.org/ansi-regex/-/ansi-regex-3.0.0.tgz 31ms
801 silly pacote range manifest for ansi-regex@^3.0.0 fetched in 69ms
802 silly resolveWithNewModule ansi-regex@3.0.0 checking installable status
803 http fetch GET 200 https://registry.npmjs.org/ansi-regex/-/ansi-regex-4.1.0.tgz 33ms
804 silly pacote range manifest for ansi-regex@^4.1.0 fetched in 35ms
805 silly resolveWithNewModule ansi-regex@4.1.0 checking installable status
806 timing stage:loadIdealTree:loadAllDepsIntoIdealTree Completed in 8744ms
807 timing stage:loadIdealTree Completed in 8819ms
808 silly currentTree lib
809 silly idealTree lib
809 silly idealTree  commitizen@4.2.2
809 silly idealTree    @babel/code-frame@7.12.11
809 silly idealTree    @babel/helper-validator-identifier@7.12.11
809 silly idealTree    @babel/highlight@7.10.4
809 silly idealTree    @commitlint/execute-rule@11.0.0
809 silly idealTree    @commitlint/load@11.0.0
809 silly idealTree     chalk@4.1.0
809 silly idealTree    @commitlint/resolve-extends@11.0.0
809 silly idealTree    @commitlint/types@11.0.0
809 silly idealTree    @types/parse-json@4.0.0
809 silly idealTree    ansi-escapes@3.2.0
809 silly idealTree    ansi-regex@3.0.0
809 silly idealTree    ansi-styles@4.3.0
809 silly idealTree    arr-diff@4.0.0
809 silly idealTree    arr-flatten@1.1.0
809 silly idealTree    arr-union@3.1.0
809 silly idealTree    array-unique@0.3.2
809 silly idealTree    assign-symbols@1.0.0
809 silly idealTree    atob@2.1.2
809 silly idealTree    balanced-match@1.0.0
809 silly idealTree    base@0.11.2
809 silly idealTree     define-property@1.0.0
809 silly idealTree     is-accessor-descriptor@1.0.0
809 silly idealTree     is-data-descriptor@1.0.0
809 silly idealTree     is-descriptor@1.0.2
809 silly idealTree    brace-expansion@1.1.11
809 silly idealTree    braces@2.3.2
809 silly idealTree     extend-shallow@2.0.1
809 silly idealTree    cache-base@1.0.1
809 silly idealTree    cachedir@2.2.0
809 silly idealTree    callsites@3.1.0
809 silly idealTree    chalk@2.4.2
809 silly idealTree     ansi-styles@3.2.1
809 silly idealTree     color-convert@1.9.3
809 silly idealTree     color-name@1.1.3
809 silly idealTree     has-flag@3.0.0
809 silly idealTree     supports-color@5.5.0
809 silly idealTree    chardet@0.7.0
809 silly idealTree    class-utils@0.3.6
809 silly idealTree     define-property@0.2.5
809 silly idealTree    cli-cursor@2.1.0
809 silly idealTree    cli-width@2.2.1
809 silly idealTree    collection-visit@1.0.0
809 silly idealTree    color-convert@2.0.1
809 silly idealTree    color-name@1.1.4
809 silly idealTree    component-emitter@1.3.0
809 silly idealTree    concat-map@0.0.1
809 silly idealTree    conventional-commit-types@3.0.0
809 silly idealTree    copy-descriptor@0.1.1
809 silly idealTree    cosmiconfig@7.0.0
809 silly idealTree    cz-conventional-changelog@3.3.0
809 silly idealTree    debug@2.6.9
809 silly idealTree    decode-uri-component@0.2.0
809 silly idealTree    dedent@0.7.0
809 silly idealTree    define-property@2.0.2
809 silly idealTree     is-accessor-descriptor@1.0.0
809 silly idealTree     is-data-descriptor@1.0.0
809 silly idealTree     is-descriptor@1.0.2
809 silly idealTree    detect-file@1.0.0
809 silly idealTree    detect-indent@6.0.0
809 silly idealTree    error-ex@1.3.2
809 silly idealTree    escape-string-regexp@1.0.5
809 silly idealTree    expand-brackets@2.1.4
809 silly idealTree     define-property@0.2.5
809 silly idealTree     extend-shallow@2.0.1
809 silly idealTree    expand-tilde@2.0.2
809 silly idealTree    extend-shallow@3.0.2
809 silly idealTree     is-extendable@1.0.1
809 silly idealTree    external-editor@3.1.0
809 silly idealTree    extglob@2.0.4
809 silly idealTree     define-property@1.0.0
809 silly idealTree     extend-shallow@2.0.1
809 silly idealTree     is-accessor-descriptor@1.0.0
809 silly idealTree     is-data-descriptor@1.0.0
809 silly idealTree     is-descriptor@1.0.2
809 silly idealTree    figures@2.0.0
809 silly idealTree    fill-range@4.0.0
809 silly idealTree     extend-shallow@2.0.1
809 silly idealTree    find-node-modules@2.0.0
809 silly idealTree    find-root@1.1.0
809 silly idealTree    findup-sync@3.0.0
809 silly idealTree    for-in@1.0.2
809 silly idealTree    fragment-cache@0.2.1
809 silly idealTree    fs-extra@8.1.0
809 silly idealTree    fs.realpath@1.0.0
809 silly idealTree    get-value@2.0.6
809 silly idealTree    glob@7.1.4
809 silly idealTree    global-dirs@0.1.1
809 silly idealTree    global-modules@1.0.0
809 silly idealTree    global-prefix@1.0.2
809 silly idealTree    graceful-fs@4.2.4
809 silly idealTree    has-flag@4.0.0
809 silly idealTree    has-value@1.0.0
809 silly idealTree    has-values@1.0.0
809 silly idealTree     kind-of@4.0.0
809 silly idealTree    homedir-polyfill@1.0.3
809 silly idealTree    iconv-lite@0.4.24
809 silly idealTree    import-fresh@3.3.0
809 silly idealTree     resolve-from@4.0.0
809 silly idealTree    inflight@1.0.6
809 silly idealTree    inherits@2.0.4
809 silly idealTree    ini@1.3.8
809 silly idealTree    inquirer@6.5.2
809 silly idealTree    is-accessor-descriptor@0.1.6
809 silly idealTree     kind-of@3.2.2
809 silly idealTree    is-arrayish@0.2.1
809 silly idealTree    is-buffer@1.1.6
809 silly idealTree    is-data-descriptor@0.1.4
809 silly idealTree     kind-of@3.2.2
809 silly idealTree    is-descriptor@0.1.6
809 silly idealTree     kind-of@5.1.0
809 silly idealTree    is-extendable@0.1.1
809 silly idealTree    is-extglob@2.1.1
809 silly idealTree    is-fullwidth-code-point@2.0.0
809 silly idealTree    is-glob@4.0.1
809 silly idealTree    is-number@3.0.0
809 silly idealTree     kind-of@3.2.2
809 silly idealTree    is-plain-object@2.0.4
809 silly idealTree    is-utf8@0.2.1
809 silly idealTree    is-windows@1.0.2
809 silly idealTree    isarray@1.0.0
809 silly idealTree    isexe@2.0.0
809 silly idealTree    isobject@3.0.1
809 silly idealTree    js-tokens@4.0.0
809 silly idealTree    json-parse-even-better-errors@2.3.1
809 silly idealTree    jsonfile@4.0.0
809 silly idealTree    kind-of@6.0.3
809 silly idealTree    lines-and-columns@1.1.6
809 silly idealTree    lodash.map@4.6.0
809 silly idealTree    lodash@4.17.20
809 silly idealTree    longest@2.0.1
809 silly idealTree    map-cache@0.2.2
809 silly idealTree    map-visit@1.0.0
809 silly idealTree    merge@1.2.1
809 silly idealTree    micromatch@3.1.10
809 silly idealTree    mimic-fn@1.2.0
809 silly idealTree    minimatch@3.0.4
809 silly idealTree    minimist@1.2.5
809 silly idealTree    mixin-deep@1.3.2
809 silly idealTree     is-extendable@1.0.1
809 silly idealTree    ms@2.0.0
809 silly idealTree    mute-stream@0.0.7
809 silly idealTree    nanomatch@1.2.13
809 silly idealTree    object-copy@0.1.0
809 silly idealTree     define-property@0.2.5
809 silly idealTree     kind-of@3.2.2
809 silly idealTree    object-visit@1.0.1
809 silly idealTree    object.pick@1.3.0
809 silly idealTree    once@1.4.0
809 silly idealTree    onetime@2.0.1
809 silly idealTree    os-tmpdir@1.0.2
809 silly idealTree    parent-module@1.0.1
809 silly idealTree    parse-json@5.1.0
809 silly idealTree    parse-passwd@1.0.0
809 silly idealTree    pascalcase@0.1.1
809 silly idealTree    path-is-absolute@1.0.1
809 silly idealTree    path-type@4.0.0
809 silly idealTree    posix-character-classes@0.1.1
809 silly idealTree    regex-not@1.0.2
809 silly idealTree    repeat-element@1.1.3
809 silly idealTree    repeat-string@1.6.1
809 silly idealTree    resolve-dir@1.0.1
809 silly idealTree    resolve-from@5.0.0
809 silly idealTree    resolve-global@1.0.0
809 silly idealTree    resolve-url@0.2.1
809 silly idealTree    restore-cursor@2.0.0
809 silly idealTree    ret@0.1.15
809 silly idealTree    run-async@2.4.1
809 silly idealTree    rxjs@6.6.3
809 silly idealTree    safe-regex@1.1.0
809 silly idealTree    safer-buffer@2.1.2
809 silly idealTree    set-value@2.0.1
809 silly idealTree     extend-shallow@2.0.1
809 silly idealTree    signal-exit@3.0.3
809 silly idealTree    snapdragon-node@2.1.1
809 silly idealTree     define-property@1.0.0
809 silly idealTree     is-accessor-descriptor@1.0.0
809 silly idealTree     is-data-descriptor@1.0.0
809 silly idealTree     is-descriptor@1.0.2
809 silly idealTree    snapdragon-util@3.0.1
809 silly idealTree     kind-of@3.2.2
809 silly idealTree    snapdragon@0.8.2
809 silly idealTree     define-property@0.2.5
809 silly idealTree     extend-shallow@2.0.1
809 silly idealTree    source-map-resolve@0.5.3
809 silly idealTree    source-map-url@0.4.0
809 silly idealTree    source-map@0.5.7
809 silly idealTree    split-string@3.1.0
809 silly idealTree    static-extend@0.1.2
809 silly idealTree     define-property@0.2.5
809 silly idealTree    string-width@2.1.1
809 silly idealTree     strip-ansi@4.0.0
809 silly idealTree    strip-ansi@5.2.0
809 silly idealTree     ansi-regex@4.1.0
809 silly idealTree    strip-bom@4.0.0
809 silly idealTree    strip-json-comments@3.0.1
809 silly idealTree    supports-color@7.2.0
809 silly idealTree    through@2.3.8
809 silly idealTree    tmp@0.0.33
809 silly idealTree    to-object-path@0.3.0
809 silly idealTree     kind-of@3.2.2
809 silly idealTree    to-regex-range@2.1.1
809 silly idealTree    to-regex@3.0.2
809 silly idealTree    tslib@1.14.1
809 silly idealTree    union-value@1.0.1
809 silly idealTree    universalify@0.1.2
809 silly idealTree    unset-value@1.0.0
809 silly idealTree     has-value@0.3.1
809 silly idealTree      isobject@2.1.0
809 silly idealTree     has-values@0.1.4
809 silly idealTree    urix@0.1.0
809 silly idealTree    use@3.1.1
809 silly idealTree    which@1.3.1
809 silly idealTree    word-wrap@1.2.3
809 silly idealTree    wrappy@1.0.2
809 silly idealTree    yaml@1.10.0
810 silly install generateActionsToTake
811 warn checkPermissions Missing write access to /usr/lib/node_modules
812 timing stage:rollbackFailedOptional Completed in 1ms
813 timing stage:runTopLevelLifecycles Completed in 9291ms
814 warn notsup Unsupported engine for @commitlint/load@11.0.0: wanted: {"node":">=v10.22.0"} (current: {"node":"10.19.0","npm":"6.13.4"})
815 warn notsup Not compatible with your version of node/npm: @commitlint/load@11.0.0
816 verbose notsup Not compatible with your version of node/npm: @commitlint/load@11.0.0
816 verbose notsup Required: {"node":">=v10.22.0"}
816 verbose notsup Actual:   {"npm":"6.13.4","node":"10.19.0"}
817 warn notsup Unsupported engine for @commitlint/execute-rule@11.0.0: wanted: {"node":">=v10.22.0"} (current: {"node":"10.19.0","npm":"6.13.4"})
818 warn notsup Not compatible with your version of node/npm: @commitlint/execute-rule@11.0.0
819 verbose notsup Not compatible with your version of node/npm: @commitlint/execute-rule@11.0.0
819 verbose notsup Required: {"node":">=v10.22.0"}
819 verbose notsup Actual:   {"npm":"6.13.4","node":"10.19.0"}
820 warn notsup Unsupported engine for @commitlint/types@11.0.0: wanted: {"node":">=v10.22.0"} (current: {"node":"10.19.0","npm":"6.13.4"})
821 warn notsup Not compatible with your version of node/npm: @commitlint/types@11.0.0
822 verbose notsup Not compatible with your version of node/npm: @commitlint/types@11.0.0
822 verbose notsup Required: {"node":">=v10.22.0"}
822 verbose notsup Actual:   {"npm":"6.13.4","node":"10.19.0"}
823 warn notsup Unsupported engine for @commitlint/resolve-extends@11.0.0: wanted: {"node":">=v10.22.0"} (current: {"node":"10.19.0","npm":"6.13.4"})
824 warn notsup Not compatible with your version of node/npm: @commitlint/resolve-extends@11.0.0
825 verbose notsup Not compatible with your version of node/npm: @commitlint/resolve-extends@11.0.0
825 verbose notsup Required: {"node":">=v10.22.0"}
825 verbose notsup Actual:   {"npm":"6.13.4","node":"10.19.0"}
826 verbose stack Error: EACCES: permission denied, access '/usr/lib/node_modules'
827 verbose cwd /workspace/frontend
828 verbose Linux 4.19.128-microsoft-standard
829 verbose argv "/usr/bin/node" "/usr/bin/npm" "install" "-g" "commitizen"
830 verbose node v10.19.0
831 verbose npm  v6.13.4
832 error code EACCES
833 error syscall access
834 error path /usr/lib/node_modules
835 error errno -13
836 error Error: EACCES: permission denied, access '/usr/lib/node_modules'
836 error  { [Error: EACCES: permission denied, access '/usr/lib/node_modules']
836 error   stack:
836 error    'Error: EACCES: permission denied, access \'/usr/lib/node_modules\'',
836 error   errno: -13,
836 error   code: 'EACCES',
836 error   syscall: 'access',
836 error   path: '/usr/lib/node_modules' }
837 error The operation was rejected by your operating system.
837 error It is likely you do not have the permissions to access this file as the current user
837 error
837 error If you believe this might be a permissions issue, please double-check the
837 error permissions of the file and its containing directories, or try running
837 error the command again as root/Administrator.
838 verbose exit [ -13, true ]
